<?xml version="1.0" encoding="UTF-8"?>
<!-- Generated by org.testng.reporters.JUnitReportReporter -->
<testsuite hostname="DESKTOP-M4LESO8" failures="0" tests="1" name="day4.tests.Start" time="15.159" errors="0" timestamp="2025-07-17T08:34:35 CDT" skipped="0">
  <testcase classname="day4.tests.Start" name="testScript3" time="15.159"/>
  <system-out/>
</testsuite> <!-- day4.tests.Start -->
